Fri 12 Aug 2022 12:17:31 PM UTC: 
 tests:  0|7
total_score: 0/70
d73c9a3
Fri 12 Aug 2022 12:35:49 PM UTC: 
 exercises.c | 2 +-
 1 file changed, 1 insertion(+), 1 deletion(-)
In file included from test.c:5:
exercises.c: In function ‘suma’:
exercises.c:15:11: error: expected ‘;’ before ‘}’ token
   15 |     *c=a+b
      |           ^
      |           ;
   16 | }
      | ~          
Compilation failed
a6d2acc
Fri 12 Aug 2022 12:35:58 PM UTC: 
 exercises.c | 2 +-
 1 file changed, 1 insertion(+), 1 deletion(-)
 tests:  1|6
total_score: 10/70
03d7a77
Fri 12 Aug 2022 12:40:24 PM UTC: 
 exercises.c | 1 +
 1 file changed, 1 insertion(+)
In file included from test.c:5:
exercises.c: In function ‘sumaN’:
exercises.c:26:13: error: expected ‘;’ before ‘tot’
   26 |       a[i]=i
      |             ^
      |             ;
   27 |       tot += a[i];
      |       ~~~    
Compilation failed
119d7a0
Fri 12 Aug 2022 12:40:31 PM UTC: 
 exercises.c | 2 +-
 1 file changed, 1 insertion(+), 1 deletion(-)
 tests:  1|6
total_score: 10/70
ff47156
Fri 12 Aug 2022 12:53:52 PM UTC: 
 exercises.c | 4 +---
 1 file changed, 1 insertion(+), 3 deletions(-)
In file included from test.c:5:
exercises.c: In function ‘sumaNultimos’:
exercises.c:40:18: error: expected ‘;’ before ‘)’ token
   40 |   for(int i=0;i<n)
      |                  ^
      |                  ;
exercises.c:42:10: error: ‘return’ with a value, in function returning void [-Werror=return-type]
   42 |   return suma;
      |          ^~~~
exercises.c:39:6: note: declared here
   39 | void sumaNultimos(int a[], int n, int m, int * suma) {
      |      ^~~~~~~~~~~~
cc1: all warnings being treated as errors
Compilation failed
a81c1c9
Fri 12 Aug 2022 12:54:08 PM UTC: 
 exercises.c | 1 -
 1 file changed, 1 deletion(-)
In file included from test.c:5:
exercises.c: In function ‘sumaNultimos’:
exercises.c:41:10: error: ‘return’ with a value, in function returning void [-Werror=return-type]
   41 |   return suma;
      |          ^~~~
exercises.c:39:6: note: declared here
   39 | void sumaNultimos(int a[], int n, int m, int * suma) {
      |      ^~~~~~~~~~~~
cc1: all warnings being treated as errors
Compilation failed
Fri 12 Aug 2022 12:54:30 PM UTC: 
 exercises.c | 1 -
 1 file changed, 1 deletion(-)
 tests:  3|5
total_score: 20/70
315442e
Fri 12 Aug 2022 12:54:55 PM UTC: 
 exercises.c | 2 +-
 1 file changed, 1 insertion(+), 1 deletion(-)
In file included from test.c:5:
exercises.c: In function ‘crearPersona’:
exercises.c:58:11: error: expected expression before ‘Persona’
   58 |    return Persona;
      |           ^~~~~~~
exercises.c:59:1: error: control reaches end of non-void function [-Werror=return-type]
   59 | }
      | ^
cc1: all warnings being treated as errors
Compilation failed
b0b196c
Fri 12 Aug 2022 12:55:04 PM UTC: 
 exercises.c | 2 +-
 1 file changed, 1 insertion(+), 1 deletion(-)
In file included from test.c:5:
exercises.c: In function ‘crearPersona’:
exercises.c:58:12: error: expected expression before ‘Persona’
   58 |    return *Persona;
      |            ^~~~~~~
exercises.c:59:1: error: control reaches end of non-void function [-Werror=return-type]
   59 | }
      | ^
cc1: all warnings being treated as errors
Compilation failed
e48fd9f
Fri 12 Aug 2022 12:55:15 PM UTC: 
 exercises.c | 4 +++-
 1 file changed, 3 insertions(+), 1 deletion(-)
In file included from test.c:5:
exercises.c: In function ‘sumaNultimos’:
exercises.c:40:18: error: expected ‘;’ before ‘)’ token
   40 |   for(int i=0;i<n)
      |                  ^
      |                  ;
exercises.c:42:10: error: ‘return’ with a value, in function returning void [-Werror=return-type]
   42 |   return suma;
      |          ^~~~
exercises.c:39:6: note: declared here
   39 | void sumaNultimos(int a[], int n, int m, int * suma) {
      |      ^~~~~~~~~~~~
cc1: all warnings being treated as errors
Compilation failed
0179cca
Fri 12 Aug 2022 12:56:20 PM UTC: 
 exercises.c | 2 +-
 1 file changed, 1 insertion(+), 1 deletion(-)
In file included from test.c:5:
exercises.c: In function ‘sumaV’:
exercises.c:102:8: error: invalid operands to binary + (have ‘Vector **’ and ‘Vector **’)
  102 |   *c=&a+&b;
      |      ~~^~~
      |      |  |
      |      |  Vector **
      |      Vector **
Compilation failed
ce41713
Fri 12 Aug 2022 12:57:01 PM UTC: 
 exercises.c | 2 +-
 1 file changed, 1 insertion(+), 1 deletion(-)
In file included from test.c:5:
exercises.c: In function ‘crearPersona’:
exercises.c:58:11: error: ‘p’ undeclared (first use in this function)
   58 |    return p;
      |           ^
exercises.c:58:11: note: each undeclared identifier is reported only once for each function it appears in
exercises.c:59:1: error: control reaches end of non-void function [-Werror=return-type]
   59 | }
      | ^
cc1: all warnings being treated as errors
Compilation failed
8dc6678
Fri 12 Aug 2022 12:57:12 PM UTC: 
 exercises.c | 2 +-
 1 file changed, 1 insertion(+), 1 deletion(-)
 tests:  1|6
total_score: 10/70
0ad4c61
Fri 12 Aug 2022 01:01:06 PM UTC: 
 exercises.c | 2 +-
 1 file changed, 1 insertion(+), 1 deletion(-)
In file included from test.c:5:
exercises.c: In function ‘sumaNultimos’:
exercises.c:40:15: error: expected expression before ‘int’
   40 |   *suma=sumaN(int a[],int n);
      |               ^~~
exercises.c:40:9: error: too few arguments to function ‘sumaN’
   40 |   *suma=sumaN(int a[],int n);
      |         ^~~~~
exercises.c:21:5: note: declared here
   21 | int sumaN(int a[], int N) {
      |     ^~~~~
Compilation failed
704053d
Fri 12 Aug 2022 01:01:29 PM UTC: 
 exercises.c | 2 +-
 1 file changed, 1 insertion(+), 1 deletion(-)
 tests:  1|6
total_score: 10/70
9b36063
Fri 12 Aug 2022 01:02:24 PM UTC: 
 exercises.c | 2 +-
 1 file changed, 1 insertion(+), 1 deletion(-)
In file included from test.c:5:
exercises.c: In function ‘sumaNultimos’:
exercises.c:40:9: error: too many arguments to function ‘sumaN’
   40 |   *suma=sumaN(a,m,n);
      |         ^~~~~
exercises.c:21:5: note: declared here
   21 | int sumaN(int a[], int N) {
      |     ^~~~~
Compilation failed
00b3722
Fri 12 Aug 2022 01:02:32 PM UTC: 
 exercises.c | 2 +-
 1 file changed, 1 insertion(+), 1 deletion(-)
 tests:  1|6
total_score: 10/70
cab8e10
Fri 12 Aug 2022 01:02:42 PM UTC: 
 exercises.c | 2 +-
 1 file changed, 1 insertion(+), 1 deletion(-)
 tests:  1|6
total_score: 10/70
3d0c061
Fri 12 Aug 2022 01:07:25 PM UTC: 
 exercises.c | 2 +-
 1 file changed, 1 insertion(+), 1 deletion(-)
In file included from test.c:5:
exercises.c: In function ‘sumaNultimos’:
exercises.c:40:13: error: ‘i’ undeclared (first use in this function)
   40 |   int *b=(a+i);
      |             ^
exercises.c:40:13: note: each undeclared identifier is reported only once for each function it appears in
Compilation failed
3cda324
Fri 12 Aug 2022 01:07:33 PM UTC: 
 exercises.c | 2 +-
 1 file changed, 1 insertion(+), 1 deletion(-)
 tests:  1|6
total_score: 10/70
b44cb2f
Fri 12 Aug 2022 01:07:43 PM UTC: 
 exercises.c | 2 +-
 1 file changed, 1 insertion(+), 1 deletion(-)
 tests:  1|6
total_score: 10/70
080718c
Fri 12 Aug 2022 01:08:05 PM UTC: 
 exercises.c | 4 ++--
 1 file changed, 2 insertions(+), 2 deletions(-)
 tests:  1|6
total_score: 10/70
9afb126
Fri 12 Aug 2022 01:08:21 PM UTC: 
 exercises.c | 4 ++--
 1 file changed, 2 insertions(+), 2 deletions(-)
 tests:  1|6
total_score: 10/70
b037251
Fri 12 Aug 2022 01:08:30 PM UTC: 
 exercises.c | 4 ++--
 1 file changed, 2 insertions(+), 2 deletions(-)
 tests:  1|6
total_score: 10/70
3a8900f
Fri 12 Aug 2022 01:10:11 PM UTC: 
 exercises.c | 6 +++---
 1 file changed, 3 insertions(+), 3 deletions(-)
In file included from test.c:5:
exercises.c: In function ‘sumaNultimos’:
exercises.c:40:3: error: ‘c’ undeclared (first use in this function)
   40 |   c=n-m
      |   ^
exercises.c:40:3: note: each undeclared identifier is reported only once for each function it appears in
exercises.c:40:8: error: expected ‘;’ before ‘int’
   40 |   c=n-m
      |        ^
      |        ;
   41 |   int *b=(a+c);
      |   ~~~   
exercises.c:42:15: error: ‘b’ undeclared (first use in this function)
   42 |   *suma=sumaN(b,m);
      |               ^
Compilation failed
d448822
Fri 12 Aug 2022 01:10:18 PM UTC: 
 exercises.c | 2 +-
 1 file changed, 1 insertion(+), 1 deletion(-)
In file included from test.c:5:
exercises.c: In function ‘sumaNultimos’:
exercises.c:40:3: error: ‘c’ undeclared (first use in this function)
   40 |   c=n-m;
      |   ^
exercises.c:40:3: note: each undeclared identifier is reported only once for each function it appears in
Compilation failed
c2bcc23
Fri 12 Aug 2022 01:10:27 PM UTC: 
 exercises.c | 2 +-
 1 file changed, 1 insertion(+), 1 deletion(-)
 tests:  2|5
total_score: 20/70
eea6c61
Fri 12 Aug 2022 01:14:38 PM UTC: 
 exercises.c | 2 +-
 1 file changed, 1 insertion(+), 1 deletion(-)
In file included from test.c:5:
exercises.c: In function ‘asignarValor’:
exercises.c:86:6: error: incompatible types when assigning to type ‘Vector’ from type ‘int’
   86 |   *v=i;
      |      ^
Compilation failed
f9fb47d
Fri 12 Aug 2022 01:15:05 PM UTC: 
 exercises.c | 3 ++-
 1 file changed, 2 insertions(+), 1 deletion(-)
In file included from test.c:5:
exercises.c: In function ‘asignarValor’:
exercises.c:87:6: error: expected expression before ‘;’ token
   87 |   *v=;
      |      ^
Compilation failed
066f3b7
Fri 12 Aug 2022 01:15:11 PM UTC: 
 exercises.c | 2 +-
 1 file changed, 1 insertion(+), 1 deletion(-)
In file included from test.c:5:
exercises.c: In function ‘asignarValor’:
exercises.c:87:6: error: incompatible types when assigning to type ‘Vector’ from type ‘int’
   87 |   *v=valor;
      |      ^~~~~
Compilation failed
5da41c4
Fri 12 Aug 2022 01:15:22 PM UTC: 
 exercises.c | 2 --
 1 file changed, 2 deletions(-)
 tests:  2|5
total_score: 20/70
08c95e0
Fri 12 Aug 2022 01:16:23 PM UTC: 
 exercises.c | 2 +-
 1 file changed, 1 insertion(+), 1 deletion(-)
In file included from test.c:5:
exercises.c: In function ‘sumaNultimos’:
exercises.c:40:7: error: unused variable ‘c’ [-Werror=unused-variable]
   40 |   int c=n-m;
      |       ^
cc1: all warnings being treated as errors
Compilation failed
6edc3f5
Fri 12 Aug 2022 01:16:51 PM UTC: 
 exercises.c | 2 +-
 1 file changed, 1 insertion(+), 1 deletion(-)
 tests:  2|5
total_score: 20/70
c49e895
Fri 12 Aug 2022 01:19:50 PM UTC: 
 exercises.c | 2 +-
 1 file changed, 1 insertion(+), 1 deletion(-)
In file included from test.c:5:
exercises.c: In function ‘crearPersona’:
exercises.c:61:11: error: returning ‘char’ from a function with return type ‘Persona *’ makes pointer from integer without a cast [-Werror=int-conversion]
   61 |    return *persona;
      |           ^~~~~~~~
cc1: all warnings being treated as errors
Compilation failed
0dad485
Fri 12 Aug 2022 01:21:59 PM UTC: 
 exercises.c | 2 +-
 1 file changed, 1 insertion(+), 1 deletion(-)
In file included from test.c:5:
exercises.c: In function ‘crearPersona’:
exercises.c:61:11: error: returning ‘int’ from a function with return type ‘Persona *’ makes pointer from integer without a cast [-Werror=int-conversion]
   61 |    return *a;
      |           ^~
cc1: all warnings being treated as errors
Compilation failed
bf3003c
Fri 12 Aug 2022 01:22:12 PM UTC: 
 exercises.c | 2 +-
 1 file changed, 1 insertion(+), 1 deletion(-)
In file included from test.c:5:
exercises.c: In function ‘crearPersona’:
exercises.c:61:10: error: returning ‘int *’ from a function with incompatible return type ‘Persona *’ [-Werror=incompatible-pointer-types]
   61 |   return a;
      |          ^
cc1: all warnings being treated as errors
Compilation failed
2b24ee7
Fri 12 Aug 2022 01:22:29 PM UTC: 
 exercises.c | 2 +-
 1 file changed, 1 insertion(+), 1 deletion(-)
In file included from test.c:5:
exercises.c: In function ‘crearPersona’:
exercises.c:61:10: error: returning ‘char *’ from a function with incompatible return type ‘Persona *’ [-Werror=incompatible-pointer-types]
   61 |   return a;
      |          ^
cc1: all warnings being treated as errors
Compilation failed
3076adc
Fri 12 Aug 2022 01:22:35 PM UTC: 
 exercises.c | 2 +-
 1 file changed, 1 insertion(+), 1 deletion(-)
In file included from test.c:5:
exercises.c: In function ‘crearPersona’:
exercises.c:61:10: error: returning ‘char’ from a function with return type ‘Persona *’ makes pointer from integer without a cast [-Werror=int-conversion]
   61 |   return *a;
      |          ^~
cc1: all warnings being treated as errors
Compilation failed
3b36da4
Fri 12 Aug 2022 01:22:45 PM UTC: 
 exercises.c | 2 +-
 1 file changed, 1 insertion(+), 1 deletion(-)
In file included from test.c:5:
exercises.c: In function ‘crearPersona’:
exercises.c:61:10: error: returning ‘int’ from a function with return type ‘Persona *’ makes pointer from integer without a cast [-Werror=int-conversion]
   61 |   return *a;
      |          ^~
cc1: all warnings being treated as errors
Compilation failed
9310f33
Fri 12 Aug 2022 01:25:53 PM UTC: 
 exercises.c | 3 +--
 1 file changed, 1 insertion(+), 2 deletions(-)
 tests:  2|5
total_score: 20/70
c948877
Fri 12 Aug 2022 01:28:48 PM UTC: 
 exercises.c | 3 +--
 1 file changed, 1 insertion(+), 2 deletions(-)
 tests:  1|6
total_score: 10/70
5948bc1
Fri 12 Aug 2022 01:29:00 PM UTC: 
 exercises.c | 2 +-
 1 file changed, 1 insertion(+), 1 deletion(-)
 tests:  1|6
total_score: 10/70
c3e95b7
Fri 12 Aug 2022 01:29:21 PM UTC: 
 exercises.c | 3 ++-
 1 file changed, 2 insertions(+), 1 deletion(-)
 tests:  2|5
total_score: 20/70
752ead7
Fri 12 Aug 2022 05:02:13 PM UTC: 
 exercises.c | 4 ++++
 1 file changed, 4 insertions(+)
In file included from test.c:5:
exercises.c: In function ‘crearPersona’:
exercises.c:62:27: error: expected ‘;’ before ‘human’
   62 |   strcpy(human[0].rut,rut)
      |                           ^
      |                           ;
   63 |   human[0].edad=edad
      |   ~~~~~                    
exercises.c:65:1: error: control reaches end of non-void function [-Werror=return-type]
   65 | }
      | ^
cc1: all warnings being treated as errors
Compilation failed
ceaf2ce
Fri 12 Aug 2022 05:02:28 PM UTC: 
 exercises.c | 6 +++---
 1 file changed, 3 insertions(+), 3 deletions(-)
In file included from test.c:5:
exercises.c: In function ‘crearPersona’:
exercises.c:64:10: error: function returns address of local variable [-Werror=return-local-addr]
   64 |   return human;
      |          ^~~~~
cc1: all warnings being treated as errors
Compilation failed
4990437
Fri 12 Aug 2022 05:03:24 PM UTC: 
 exercises.c | 2 +-
 1 file changed, 1 insertion(+), 1 deletion(-)
In file included from test.c:5:
exercises.c: In function ‘crearPersona’:
exercises.c:60:11: error: array size missing in ‘human’
   60 |   Persona human[];
      |           ^~~~~
exercises.c:64:10: error: function returns address of local variable [-Werror=return-local-addr]
   64 |   return human;
      |          ^~~~~
cc1: all warnings being treated as errors
Compilation failed
1482cf3
Fri 12 Aug 2022 05:03:32 PM UTC: 
 exercises.c | 2 +-
 1 file changed, 1 insertion(+), 1 deletion(-)
In file included from test.c:5:
exercises.c: In function ‘crearPersona’:
exercises.c:64:10: error: function returns address of local variable [-Werror=return-local-addr]
   64 |   return human;
      |          ^~~~~
cc1: all warnings being treated as errors
Compilation failed
a7dea0f
Fri 12 Aug 2022 05:07:07 PM UTC: 
 exercises.c | 8 ++++----
 1 file changed, 4 insertions(+), 4 deletions(-)
In file included from test.c:5:
exercises.c: In function ‘crearPersona’:
exercises.c:61:3: error: statement with no effect [-Werror=unused-value]
   61 |   human->nombre;
      |   ^~~~~
exercises.c:62:3: error: statement with no effect [-Werror=unused-value]
   62 |   human->rut;
      |   ^~~~~
exercises.c:63:3: error: statement with no effect [-Werror=unused-value]
   63 |   &human->edad;
      |   ^~~~~~~~~~~~
cc1: all warnings being treated as errors
Compilation failed
5289da5
Fri 12 Aug 2022 05:08:58 PM UTC: 
 exercises.c | 2 +-
 1 file changed, 1 insertion(+), 1 deletion(-)
In file included from test.c:5:
exercises.c: In function ‘crearPersona’:
exercises.c:61:3: error: statement with no effect [-Werror=unused-value]
   61 |   human->nombre;
      |   ^~~~~
exercises.c:62:3: error: statement with no effect [-Werror=unused-value]
   62 |   human->rut;
      |   ^~~~~
exercises.c:63:3: error: statement with no effect [-Werror=unused-value]
   63 |   &human->edad;
      |   ^~~~~~~~~~~~
exercises.c:64:10: error: incompatible types when returning type ‘Persona’ but ‘Persona *’ was expected
   64 |   return *human;
      |          ^~~~~~
exercises.c:65:1: error: control reaches end of non-void function [-Werror=return-type]
   65 | }
      | ^
cc1: all warnings being treated as errors
Compilation failed
55d7463
Fri 12 Aug 2022 05:09:14 PM UTC: 
 exercises.c | 6 +++---
 1 file changed, 3 insertions(+), 3 deletions(-)
In file included from test.c:5:
exercises.c: In function ‘crearPersona’:
exercises.c:61:3: error: statement with no effect [-Werror=unused-value]
   61 |   *human->nombre;
      |   ^~~~~~~~~~~~~~
exercises.c:62:3: error: statement with no effect [-Werror=unused-value]
   62 |   *human->rut;
      |   ^~~~~~~~~~~
exercises.c:63:3: error: invalid type argument of unary ‘*’ (have ‘int’)
   63 |   *human->edad;
      |   ^~~~~~~~~~~~
exercises.c:64:10: error: incompatible types when returning type ‘Persona’ but ‘Persona *’ was expected
   64 |   return *human;
      |          ^~~~~~
exercises.c:65:1: error: control reaches end of non-void function [-Werror=return-type]
   65 | }
      | ^
cc1: all warnings being treated as errors
Compilation failed
0236e9c
Fri 12 Aug 2022 05:14:01 PM UTC: 
 exercises.c | 9 +++++----
 1 file changed, 5 insertions(+), 4 deletions(-)
In file included from test.c:5:
exercises.c: In function ‘crearPersona’:
exercises.c:65:11: error: ‘human’ undeclared (first use in this function)
   65 |   return *human;
      |           ^~~~~
exercises.c:65:11: note: each undeclared identifier is reported only once for each function it appears in
exercises.c:66:1: error: control reaches end of non-void function [-Werror=return-type]
   66 | }
      | ^
cc1: all warnings being treated as errors
Compilation failed
25f3dda
Fri 12 Aug 2022 05:14:16 PM UTC: 
 exercises.c | 2 +-
 1 file changed, 1 insertion(+), 1 deletion(-)
In file included from test.c:5:
exercises.c: In function ‘crearPersona’:
exercises.c:65:10: error: incompatible types when returning type ‘Persona’ but ‘Persona *’ was expected
   65 |   return *h;
      |          ^~
exercises.c:66:1: error: control reaches end of non-void function [-Werror=return-type]
   66 | }
      | ^
cc1: all warnings being treated as errors
Compilation failed
2d8fd94
Fri 12 Aug 2022 05:14:29 PM UTC: 
 exercises.c | 2 +-
 1 file changed, 1 insertion(+), 1 deletion(-)
In file included from test.c:5:
exercises.c: In function ‘crearPersona’:
exercises.c:61:14: error: ‘h[0]’ is a pointer; did you mean to use ‘->’?
   61 |   strcpy(h[0].nombre,nombre);
      |              ^
      |              ->
exercises.c:62:14: error: ‘h[0]’ is a pointer; did you mean to use ‘->’?
   62 |   strcpy(h[0].rut,rut);
      |              ^
      |              ->
exercises.c:63:7: error: ‘h[0]’ is a pointer; did you mean to use ‘->’?
   63 |   h[0].edad=edad;
      |       ^
      |       ->
Compilation failed
cc99741
Fri 12 Aug 2022 05:15:01 PM UTC: 
 exercises.c | 6 +++---
 1 file changed, 3 insertions(+), 3 deletions(-)
In file included from test.c:5:
test.c: In function ‘crearPersona’:
exercises.c:61:11: error: ‘h[0]’ is used uninitialized in this function [-Werror=uninitialized]
   61 |   strcpy(h[0]->nombre,nombre);
      |          ~^~~
exercises.c:62:11: error: ‘h[0]’ is used uninitialized in this function [-Werror=uninitialized]
   62 |   strcpy(h[0]->rut,rut);
      |          ~^~~
exercises.c:63:4: error: ‘h[0]’ is used uninitialized in this function [-Werror=uninitialized]
   63 |   h[0]->edad=edad;
      |   ~^~~
exercises.c:65:10: error: ‘h[0]’ is used uninitialized in this function [-Werror=uninitialized]
   65 |   return *h;
      |          ^~
exercises.c:61:14: error: ‘h[0]’ is used uninitialized in this function [-Werror=uninitialized]
   61 |   strcpy(h[0]->nombre,nombre);
      |          ~~~~^~~~~~~~
cc1: all warnings being treated as errors
Compilation failed
c69eac8
Fri 12 Aug 2022 05:15:25 PM UTC: 
 exercises.c | 6 +++---
 1 file changed, 3 insertions(+), 3 deletions(-)
In file included from test.c:5:
exercises.c: In function ‘crearPersona’:
exercises.c:61:3: error: too few arguments to function ‘strcpy’
   61 |   strcpy(h[0]->nombre);
      |   ^~~~~~
In file included from /nix/store/iwd8ic5hhwdxn5dga0im55g5hjl270cd-glibc-2.33-47-dev/include/features.h:473,
                 from /nix/store/iwd8ic5hhwdxn5dga0im55g5hjl270cd-glibc-2.33-47-dev/include/bits/libc-header-start.h:33,
                 from /nix/store/iwd8ic5hhwdxn5dga0im55g5hjl270cd-glibc-2.33-47-dev/include/stdio.h:27,
                 from test.c:1:
/nix/store/iwd8ic5hhwdxn5dga0im55g5hjl270cd-glibc-2.33-47-dev/include/bits/string_fortified.h:77:1: note: declared here
   77 | __NTH (strcpy (char *__restrict __dest, const char *__restrict __src))
      | ^~~~~
In file included from test.c:5:
exercises.c:62:3: error: too few arguments to function ‘strcpy’
   62 |   strcpy(h[0]->rut);
      |   ^~~~~~
In file included from /nix/store/iwd8ic5hhwdxn5dga0im55g5hjl270cd-glibc-2.33-47-dev/include/features.h:473,
                 from /nix/store/iwd8ic5hhwdxn5dga0im55g5hjl270cd-glibc-2.33-47-dev/include/bits/libc-header-start.h:33,
                 from /nix/store/iwd8ic5hhwdxn5dga0im55g5hjl270cd-glibc-2.33-47-dev/include/stdio.h:27,
                 from test.c:1:
/nix/store/iwd8ic5hhwdxn5dga0im55g5hjl270cd-glibc-2.33-47-dev/include/bits/string_fortified.h:77:1: note: declared here
   77 | __NTH (strcpy (char *__restrict __dest, const char *__restrict __src))
      | ^~~~~
In file included from test.c:5:
exercises.c:63:7: error: statement with no effect [-Werror=unused-value]
   63 |   h[0]->edad;
      |   ~~~~^~~~~~
cc1: all warnings being treated as errors
Compilation failed
d563da2
Fri 12 Aug 2022 05:15:44 PM UTC: 
 exercises.c | 7 ++-----
 1 file changed, 2 insertions(+), 5 deletions(-)
In file included from test.c:5:
exercises.c: In function ‘crearPersona’:
exercises.c:62:10: error: incompatible types when returning type ‘Persona’ but ‘Persona *’ was expected
   62 |   return *human;
      |          ^~~~~~
exercises.c:63:1: error: control reaches end of non-void function [-Werror=return-type]
   63 | }
      | ^
cc1: all warnings being treated as errors
Compilation failed
946b5b3
Fri 12 Aug 2022 05:16:46 PM UTC: 
 exercises.c | 4 ++--
 1 file changed, 2 insertions(+), 2 deletions(-)
In file included from test.c:5:
exercises.c: In function ‘crearPersona’:
exercises.c:62:10: error: incompatible types when returning type ‘Persona’ but ‘Persona *’ was expected
   62 |   return *h;
      |          ^~
exercises.c:63:1: error: control reaches end of non-void function [-Werror=return-type]
   63 | }
      | ^
cc1: all warnings being treated as errors
Compilation failed
28f9613
Sat 13 Aug 2022 03:54:27 PM UTC: 
 exercises.c | 2 +-
 1 file changed, 1 insertion(+), 1 deletion(-)
In file included from test.c:5:
exercises.c: In function ‘crearPersona’:
exercises.c:62:10: error: incompatible types when returning type ‘Persona’ but ‘Persona *’ was expected
   62 |   return *h;
      |          ^~
exercises.c:63:1: error: control reaches end of non-void function [-Werror=return-type]
   63 | }
      | ^
cc1: all warnings being treated as errors
Compilation failed
59699a8
Sat 13 Aug 2022 03:54:46 PM UTC: 
 exercises.c | 2 +-
 1 file changed, 1 insertion(+), 1 deletion(-)
In file included from test.c:5:
exercises.c: In function ‘crearPersona’:
exercises.c:62:10: error: incompatible types when returning type ‘Persona’ but ‘Persona *’ was expected
   62 |   return *h;
      |          ^~
exercises.c:63:1: error: control reaches end of non-void function [-Werror=return-type]
   63 | }
      | ^
cc1: all warnings being treated as errors
Compilation failed
16a6d45
Sat 13 Aug 2022 03:55:07 PM UTC: 
 exercises.c | 2 +-
 1 file changed, 1 insertion(+), 1 deletion(-)
In file included from test.c:5:
exercises.c: In function ‘crearPersona’:
exercises.c:62:10: error: incompatible types when returning type ‘Persona’ but ‘Persona *’ was expected
   62 |   return *h;
      |          ^~
exercises.c:63:1: error: control reaches end of non-void function [-Werror=return-type]
   63 | }
      | ^
cc1: all warnings being treated as errors
Compilation failed
009ba39
Sat 13 Aug 2022 03:55:18 PM UTC: 
 exercises.c | 2 +-
 1 file changed, 1 insertion(+), 1 deletion(-)
In file included from test.c:5:
exercises.c: In function ‘crearPersona’:
exercises.c:62:10: error: incompatible types when returning type ‘Persona’ but ‘Persona *’ was expected
   62 |   return *h;
      |          ^~
exercises.c:63:1: error: control reaches end of non-void function [-Werror=return-type]
   63 | }
      | ^
cc1: all warnings being treated as errors
Compilation failed
6c0844a
Sat 13 Aug 2022 04:03:30 PM UTC: 
 exercises.c | 4 +++-
 1 file changed, 3 insertions(+), 1 deletion(-)
In file included from test.c:5:
exercises.c: In function ‘crearPersona’:
exercises.c:63:11: error: left-hand operand of comma expression has no effect [-Werror=unused-value]
   63 |   &h->edad,edad;
      |           ^
exercises.c:63:3: error: statement with no effect [-Werror=unused-value]
   63 |   &h->edad,edad;
      |   ^
exercises.c:64:10: error: incompatible types when returning type ‘Persona’ but ‘Persona *’ was expected
   64 |   return *h;
      |          ^~
exercises.c:65:1: error: control reaches end of non-void function [-Werror=return-type]
   65 | }
      | ^
cc1: all warnings being treated as errors
Compilation failed
5a43ad9
Sat 13 Aug 2022 04:03:36 PM UTC: 
 exercises.c | 2 +-
 1 file changed, 1 insertion(+), 1 deletion(-)
In file included from test.c:5:
exercises.c: In function ‘crearPersona’:
exercises.c:64:10: error: incompatible types when returning type ‘Persona’ but ‘Persona *’ was expected
   64 |   return *h;
      |          ^~
exercises.c:65:1: error: control reaches end of non-void function [-Werror=return-type]
   65 | }
      | ^
cc1: all warnings being treated as errors
Compilation failed
2e850c0
Sat 13 Aug 2022 04:04:12 PM UTC: 
 exercises.c | 2 +-
 1 file changed, 1 insertion(+), 1 deletion(-)
In file included from /nix/store/iwd8ic5hhwdxn5dga0im55g5hjl270cd-glibc-2.33-47-dev/include/string.h:519,
                 from test.c:3:
In function ‘strcpy’,
    inlined from ‘crearPersona’ at exercises.c:62:3:
/nix/store/iwd8ic5hhwdxn5dga0im55g5hjl270cd-glibc-2.33-47-dev/include/bits/string_fortified.h:79:10: error: ‘__builtin___strcpy_chk’ offset 30 is out of the bounds [0, 12] [-Werror=array-bounds]
   79 |   return __builtin___strcpy_chk (__dest, __src, __glibc_objsize (__dest));
      |          ^~~~~~~~~~~~~~~~~~~~~~~~~~~~~~~~~~~~~~~~~~~~~~~~~~~~~~~~~~~~~~~~
cc1: all warnings being treated as errors
Compilation failed
5cc2390
Sat 13 Aug 2022 04:04:27 PM UTC: 
 exercises.c | 4 ++--
 1 file changed, 2 insertions(+), 2 deletions(-)
In file included from test.c:5:
exercises.c: In function ‘crearPersona’:
exercises.c:64:10: error: incompatible types when returning type ‘Persona’ but ‘Persona *’ was expected
   64 |   return *h;
      |          ^~
exercises.c:65:1: error: control reaches end of non-void function [-Werror=return-type]
   65 | }
      | ^
cc1: all warnings being treated as errors
Compilation failed
d44a0de
Sat 13 Aug 2022 04:05:09 PM UTC: 
 exercises.c | 2 +-
 1 file changed, 1 insertion(+), 1 deletion(-)
In file included from /nix/store/iwd8ic5hhwdxn5dga0im55g5hjl270cd-glibc-2.33-47-dev/include/string.h:519,
                 from test.c:3:
In function ‘strcpy’,
    inlined from ‘crearPersona’ at exercises.c:62:3:
/nix/store/iwd8ic5hhwdxn5dga0im55g5hjl270cd-glibc-2.33-47-dev/include/bits/string_fortified.h:79:10: error: ‘__builtin___strcpy_chk’ offset 30 is out of the bounds [0, 12] [-Werror=array-bounds]
   79 |   return __builtin___strcpy_chk (__dest, __src, __glibc_objsize (__dest));
      |          ^~~~~~~~~~~~~~~~~~~~~~~~~~~~~~~~~~~~~~~~~~~~~~~~~~~~~~~~~~~~~~~~
cc1: all warnings being treated as errors
Compilation failed
e675f88
Sat 13 Aug 2022 04:05:55 PM UTC: 
 exercises.c | 2 +-
 1 file changed, 1 insertion(+), 1 deletion(-)
In file included from test.c:5:
exercises.c: In function ‘crearPersona’:
exercises.c:63:10: error: left-hand operand of comma expression has no effect [-Werror=unused-value]
   63 |   h->edad,edad;
      |          ^
exercises.c:63:3: error: statement with no effect [-Werror=unused-value]
   63 |   h->edad,edad;
      |   ^
In file included from /nix/store/iwd8ic5hhwdxn5dga0im55g5hjl270cd-glibc-2.33-47-dev/include/string.h:519,
                 from test.c:3:
In function ‘strcpy’,
    inlined from ‘crearPersona’ at exercises.c:62:3:
/nix/store/iwd8ic5hhwdxn5dga0im55g5hjl270cd-glibc-2.33-47-dev/include/bits/string_fortified.h:79:10: error: ‘__builtin___strcpy_chk’ offset 30 is out of the bounds [0, 12] [-Werror=array-bounds]
   79 |   return __builtin___strcpy_chk (__dest, __src, __glibc_objsize (__dest));
      |          ^~~~~~~~~~~~~~~~~~~~~~~~~~~~~~~~~~~~~~~~~~~~~~~~~~~~~~~~~~~~~~~~
cc1: all warnings being treated as errors
Compilation failed
4475fac
Sat 13 Aug 2022 04:06:07 PM UTC: 
 exercises.c | 2 +-
 1 file changed, 1 insertion(+), 1 deletion(-)
In file included from test.c:5:
exercises.c: In function ‘crearPersona’:
exercises.c:63:11: error: left-hand operand of comma expression has no effect [-Werror=unused-value]
   63 |   &h->edad,edad;
      |           ^
exercises.c:63:3: error: statement with no effect [-Werror=unused-value]
   63 |   &h->edad,edad;
      |   ^
In file included from /nix/store/iwd8ic5hhwdxn5dga0im55g5hjl270cd-glibc-2.33-47-dev/include/string.h:519,
                 from test.c:3:
In function ‘strcpy’,
    inlined from ‘crearPersona’ at exercises.c:62:3:
/nix/store/iwd8ic5hhwdxn5dga0im55g5hjl270cd-glibc-2.33-47-dev/include/bits/string_fortified.h:79:10: error: ‘__builtin___strcpy_chk’ offset 30 is out of the bounds [0, 12] [-Werror=array-bounds]
   79 |   return __builtin___strcpy_chk (__dest, __src, __glibc_objsize (__dest));
      |          ^~~~~~~~~~~~~~~~~~~~~~~~~~~~~~~~~~~~~~~~~~~~~~~~~~~~~~~~~~~~~~~~
cc1: all warnings being treated as errors
Compilation failed
10fc076
Sat 13 Aug 2022 04:06:19 PM UTC: 
 exercises.c | 1 -
 1 file changed, 1 deletion(-)
In file included from /nix/store/iwd8ic5hhwdxn5dga0im55g5hjl270cd-glibc-2.33-47-dev/include/string.h:519,
                 from test.c:3:
In function ‘strcpy’,
    inlined from ‘crearPersona’ at exercises.c:62:3:
/nix/store/iwd8ic5hhwdxn5dga0im55g5hjl270cd-glibc-2.33-47-dev/include/bits/string_fortified.h:79:10: error: ‘__builtin___strcpy_chk’ offset 30 is out of the bounds [0, 12] [-Werror=array-bounds]
   79 |   return __builtin___strcpy_chk (__dest, __src, __glibc_objsize (__dest));
      |          ^~~~~~~~~~~~~~~~~~~~~~~~~~~~~~~~~~~~~~~~~~~~~~~~~~~~~~~~~~~~~~~~
cc1: all warnings being treated as errors
Compilation failed
399aba4
Sat 13 Aug 2022 04:06:26 PM UTC: 
 exercises.c | 2 +-
 1 file changed, 1 insertion(+), 1 deletion(-)
In file included from test.c:5:
exercises.c: In function ‘crearPersona’:
exercises.c:63:10: error: incompatible types when returning type ‘Persona’ but ‘Persona *’ was expected
   63 |   return *h;
      |          ^~
exercises.c:64:1: error: control reaches end of non-void function [-Werror=return-type]
   64 | }
      | ^
cc1: all warnings being treated as errors
Compilation failed
ca399a7
Sat 13 Aug 2022 04:08:51 PM UTC: 
 exercises.c | 1 +
 1 file changed, 1 insertion(+)
In file included from test.c:5:
exercises.c: In function ‘crearPersona’:
exercises.c:63:10: error: left-hand operand of comma expression has no effect [-Werror=unused-value]
   63 |   h->edad,&edad;
      |          ^
exercises.c:63:10: error: statement with no effect [-Werror=unused-value]
exercises.c:64:10: error: incompatible types when returning type ‘Persona’ but ‘Persona *’ was expected
   64 |   return *h;
      |          ^~
exercises.c:65:1: error: control reaches end of non-void function [-Werror=return-type]
   65 | }
      | ^
cc1: all warnings being treated as errors
Compilation failed
c71d2e6
Sat 13 Aug 2022 04:09:10 PM UTC: 
 exercises.c | 2 +-
 1 file changed, 1 insertion(+), 1 deletion(-)
In file included from test.c:5:
exercises.c: In function ‘crearPersona’:
exercises.c:64:10: error: incompatible types when returning type ‘Persona’ but ‘Persona *’ was expected
   64 |   return *h;
      |          ^~
exercises.c:65:1: error: control reaches end of non-void function [-Werror=return-type]
   65 | }
      | ^
cc1: all warnings being treated as errors
Compilation failed
75f2442
Sat 13 Aug 2022 04:09:44 PM UTC: 
 exercises.c | 5 +----
 1 file changed, 1 insertion(+), 4 deletions(-)
 tests:  2|5
total_score: 20/70
5329483
Sat 13 Aug 2022 04:14:03 PM UTC: 
 exercises.c | 4 +++-
 1 file changed, 3 insertions(+), 1 deletion(-)
 tests:  2|5
total_score: 20/70
f9338eb
Sat 13 Aug 2022 04:14:26 PM UTC: 
 exercises.c | 2 +-
 1 file changed, 1 insertion(+), 1 deletion(-)
In file included from test.c:5:
exercises.c: In function ‘crearVector’:
exercises.c:77:40: error: expected ‘)’ before ‘n’
   77 |   Vector* a=(Vector*)calloc(sizeof(int)n);
      |                                        ^
      |                                        )
exercises.c:77:22: error: too few arguments to function ‘calloc’
   77 |   Vector* a=(Vector*)calloc(sizeof(int)n);
      |                      ^~~~~~
In file included from test.c:2:
/nix/store/iwd8ic5hhwdxn5dga0im55g5hjl270cd-glibc-2.33-47-dev/include/stdlib.h:542:14: note: declared here
  542 | extern void *calloc (size_t __nmemb, size_t __size)
      |              ^~~~~~
Compilation failed
2c56ea8
Sat 13 Aug 2022 04:14:31 PM UTC: 
 exercises.c | 2 +-
 1 file changed, 1 insertion(+), 1 deletion(-)
In file included from test.c:5:
exercises.c: In function ‘crearVector’:
exercises.c:77:22: error: too few arguments to function ‘calloc’
   77 |   Vector* a=(Vector*)calloc(sizeof(int)*n);
      |                      ^~~~~~
In file included from test.c:2:
/nix/store/iwd8ic5hhwdxn5dga0im55g5hjl270cd-glibc-2.33-47-dev/include/stdlib.h:542:14: note: declared here
  542 | extern void *calloc (size_t __nmemb, size_t __size)
      |              ^~~~~~
Compilation failed
dec46e5
Sat 13 Aug 2022 04:14:44 PM UTC: 
 exercises.c | 2 +-
 1 file changed, 1 insertion(+), 1 deletion(-)
 tests:  2|5
total_score: 20/70
17e037c
Sat 13 Aug 2022 04:15:52 PM UTC: 
 exercises.c | 2 +-
 1 file changed, 1 insertion(+), 1 deletion(-)
In file included from test.c:5:
exercises.c: In function ‘crearVector’:
exercises.c:77:22: error: too few arguments to function ‘calloc’
   77 |   Vector* a=(Vector*)calloc(n*sizeof(int));
      |                      ^~~~~~
In file included from test.c:2:
/nix/store/iwd8ic5hhwdxn5dga0im55g5hjl270cd-glibc-2.33-47-dev/include/stdlib.h:542:14: note: declared here
  542 | extern void *calloc (size_t __nmemb, size_t __size)
      |              ^~~~~~
Compilation failed
937dfc7
Sat 13 Aug 2022 04:17:22 PM UTC: 
 exercises.c | 2 +-
 1 file changed, 1 insertion(+), 1 deletion(-)
 tests:  2|5
total_score: 20/70
4b3fdc6
Sat 13 Aug 2022 04:17:41 PM UTC: 
 exercises.c | 2 +-
 1 file changed, 1 insertion(+), 1 deletion(-)
In file included from test.c:5:
exercises.c: In function ‘crearVector’:
exercises.c:79:10: error: incompatible types when returning type ‘Vector’ but ‘Vector *’ was expected
   79 |   return *a;
      |          ^~
exercises.c:80:1: error: control reaches end of non-void function [-Werror=return-type]
   80 | }
      | ^
cc1: all warnings being treated as errors
Compilation failed
c1eab62
Sat 13 Aug 2022 04:17:56 PM UTC: 
 exercises.c | 2 +-
 1 file changed, 1 insertion(+), 1 deletion(-)
 tests:  2|5
total_score: 20/70
34d703e
Sat 13 Aug 2022 04:18:14 PM UTC: 
 exercises.c | 2 +-
 1 file changed, 1 insertion(+), 1 deletion(-)
 tests:  2|5
total_score: 20/70
212869e
Sat 13 Aug 2022 04:18:45 PM UTC: 
 exercises.c | 2 +-
 1 file changed, 1 insertion(+), 1 deletion(-)
In file included from test.c:5:
exercises.c: In function ‘crearVector’:
exercises.c:77:22: error: too few arguments to function ‘calloc’
   77 |   Vector* a=(Vector*)calloc(n*sizeof(int));
      |                      ^~~~~~
In file included from test.c:2:
/nix/store/iwd8ic5hhwdxn5dga0im55g5hjl270cd-glibc-2.33-47-dev/include/stdlib.h:542:14: note: declared here
  542 | extern void *calloc (size_t __nmemb, size_t __size)
      |              ^~~~~~
Compilation failed
3543606
Sat 13 Aug 2022 04:18:55 PM UTC: 
 exercises.c | 2 +-
 1 file changed, 1 insertion(+), 1 deletion(-)
In file included from test.c:5:
exercises.c: In function ‘crearVector’:
exercises.c:77:22: error: too few arguments to function ‘calloc’
   77 |   Vector* a=(Vector)*calloc(n*sizeof(int));
      |                      ^~~~~~
In file included from test.c:2:
/nix/store/iwd8ic5hhwdxn5dga0im55g5hjl270cd-glibc-2.33-47-dev/include/stdlib.h:542:14: note: declared here
  542 | extern void *calloc (size_t __nmemb, size_t __size)
      |              ^~~~~~
Compilation failed
7009f1f
Sat 13 Aug 2022 04:19:24 PM UTC: 
 exercises.c | 2 +-
 1 file changed, 1 insertion(+), 1 deletion(-)
 tests:  2|5
total_score: 20/70
9f86814
Sat 13 Aug 2022 04:22:16 PM UTC: 
 exercises.c | 2 ++
 1 file changed, 2 insertions(+)
In file included from test.c:5:
exercises.c: In function ‘sumaV’:
exercises.c:105:8: error: invalid operands to binary + (have ‘Vector **’ and ‘Vector **’)
  105 |   *c=&a+&b;
      |      ~~^~~
      |      |  |
      |      |  Vector **
      |      Vector **
exercises.c:106:10: error: ‘return’ with a value, in function returning void [-Werror=return-type]
  106 |   return c;
      |          ^
exercises.c:104:6: note: declared here
  104 | void sumaV(Vector * a, Vector * b, Vector * c) {
      |      ^~~~~
cc1: all warnings being treated as errors
Compilation failed
ccfe17d
Sat 13 Aug 2022 04:23:03 PM UTC: 
 exercises.c | 2 +-
 1 file changed, 1 insertion(+), 1 deletion(-)
In file included from test.c:5:
exercises.c: In function ‘sumaV’:
exercises.c:105:7: error: invalid operands to binary + (have ‘Vector *’ and ‘Vector *’)
  105 |   *c=a+b;
      |       ^
exercises.c:106:10: error: ‘return’ with a value, in function returning void [-Werror=return-type]
  106 |   return c;
      |          ^
exercises.c:104:6: note: declared here
  104 | void sumaV(Vector * a, Vector * b, Vector * c) {
      |      ^~~~~
cc1: all warnings being treated as errors
Compilation failed
52151cf
Sat 13 Aug 2022 04:23:14 PM UTC: 
 exercises.c | 2 +-
 1 file changed, 1 insertion(+), 1 deletion(-)
In file included from test.c:5:
exercises.c: In function ‘sumaV’:
exercises.c:106:10: error: ‘return’ with a value, in function returning void [-Werror=return-type]
  106 |   return c;
      |          ^
exercises.c:104:6: note: declared here
  104 | void sumaV(Vector * a, Vector * b, Vector * c) {
      |      ^~~~~
cc1: all warnings being treated as errors
Compilation failed
efda7ab
Sat 13 Aug 2022 04:27:32 PM UTC: 
 exercises.c | 6 +++---
 1 file changed, 3 insertions(+), 3 deletions(-)
In file included from test.c:5:
exercises.c: In function ‘crearVector’:
exercises.c:79:14: error: too few arguments to function ‘calloc’
   79 |   s=(Vector*)calloc(n*sizeof(int));
      |              ^~~~~~
In file included from test.c:2:
/nix/store/iwd8ic5hhwdxn5dga0im55g5hjl270cd-glibc-2.33-47-dev/include/stdlib.h:542:14: note: declared here
  542 | extern void *calloc (size_t __nmemb, size_t __size)
      |              ^~~~~~
Compilation failed
c168735
Sat 13 Aug 2022 04:28:04 PM UTC: 
 exercises.c | 2 +-
 1 file changed, 1 insertion(+), 1 deletion(-)
In file included from test.c:5:
exercises.c: In function ‘crearVector’:
exercises.c:79:14: error: too few arguments to function ‘calloc’
   79 |   s=(Vector*)calloc(n*sizeof(int));
      |              ^~~~~~
In file included from test.c:2:
/nix/store/iwd8ic5hhwdxn5dga0im55g5hjl270cd-glibc-2.33-47-dev/include/stdlib.h:542:14: note: declared here
  542 | extern void *calloc (size_t __nmemb, size_t __size)
      |              ^~~~~~
In file included from test.c:5:
exercises.c:81:10: error: incompatible types when returning type ‘Vector’ but ‘Vector *’ was expected
   81 |   return s;
      |          ^
exercises.c:82:1: error: control reaches end of non-void function [-Werror=return-type]
   82 | }
      | ^
cc1: all warnings being treated as errors
Compilation failed
1a6e049
Sat 13 Aug 2022 04:31:42 PM UTC: 
 exercises.c | 8 ++++++--
 1 file changed, 6 insertions(+), 2 deletions(-)
In file included from test.c:5:
exercises.c: In function ‘crearPersona’:
exercises.c:64:10: error: left-hand operand of comma expression has no effect [-Werror=unused-value]
   64 |   h->edad,&edad;
      |          ^
exercises.c:64:10: error: statement with no effect [-Werror=unused-value]
exercises.c: In function ‘crearVector’:
exercises.c:83:14: error: too few arguments to function ‘calloc’
   83 |   s=(Vector*)calloc(n*sizeof(int));
      |              ^~~~~~
In file included from test.c:2:
/nix/store/iwd8ic5hhwdxn5dga0im55g5hjl270cd-glibc-2.33-47-dev/include/stdlib.h:542:14: note: declared here
  542 | extern void *calloc (size_t __nmemb, size_t __size)
      |              ^~~~~~
cc1: all warnings being treated as errors
Compilation failed
73d09a2
Sat 13 Aug 2022 04:32:28 PM UTC: 
 exercises.c | 2 +-
 1 file changed, 1 insertion(+), 1 deletion(-)
In file included from test.c:5:
exercises.c: In function ‘crearPersona’:
exercises.c:64:11: error: passing argument 1 of ‘strcpy’ makes pointer from integer without a cast [-Werror=int-conversion]
   64 |   strcpy(h->edad,&edad);
      |          ~^~~~~~
      |           |
      |           int
In file included from /nix/store/iwd8ic5hhwdxn5dga0im55g5hjl270cd-glibc-2.33-47-dev/include/features.h:473,
                 from /nix/store/iwd8ic5hhwdxn5dga0im55g5hjl270cd-glibc-2.33-47-dev/include/bits/libc-header-start.h:33,
                 from /nix/store/iwd8ic5hhwdxn5dga0im55g5hjl270cd-glibc-2.33-47-dev/include/stdio.h:27,
                 from test.c:1:
/nix/store/iwd8ic5hhwdxn5dga0im55g5hjl270cd-glibc-2.33-47-dev/include/bits/string_fortified.h:77:1: note: expected ‘char * restrict’ but argument is of type ‘int’
   77 | __NTH (strcpy (char *__restrict __dest, const char *__restrict __src))
      | ^~~~~
In file included from test.c:5:
exercises.c:64:18: error: passing argument 2 of ‘strcpy’ from incompatible pointer type [-Werror=incompatible-pointer-types]
   64 |   strcpy(h->edad,&edad);
      |                  ^~~~~
      |                  |
      |                  int *
In file included from /nix/store/iwd8ic5hhwdxn5dga0im55g5hjl270cd-glibc-2.33-47-dev/include/features.h:473,
                 from /nix/store/iwd8ic5hhwdxn5dga0im55g5hjl270cd-glibc-2.33-47-dev/include/bits/libc-header-start.h:33,
                 from /nix/store/iwd8ic5hhwdxn5dga0im55g5hjl270cd-glibc-2.33-47-dev/include/stdio.h:27,
                 from test.c:1:
/nix/store/iwd8ic5hhwdxn5dga0im55g5hjl270cd-glibc-2.33-47-dev/include/bits/string_fortified.h:77:1: note: expected ‘const char * restrict’ but argument is of type ‘int *’
   77 | __NTH (strcpy (char *__restrict __dest, const char *__restrict __src))
      | ^~~~~
In file included from test.c:5:
exercises.c: In function ‘crearVector’:
exercises.c:83:14: error: too few arguments to function ‘calloc’
   83 |   s=(Vector*)calloc(n*sizeof(int));
      |              ^~~~~~
In file included from test.c:2:
/nix/store/iwd8ic5hhwdxn5dga0im55g5hjl270cd-glibc-2.33-47-dev/include/stdlib.h:542:14: note: declared here
  542 | extern void *calloc (size_t __nmemb, size_t __size)
      |              ^~~~~~
cc1: all warnings being treated as errors
Compilation failed
c6c0a17
Sat 13 Aug 2022 04:41:44 PM UTC: 
 exercises.c | 7 +++----
 1 file changed, 3 insertions(+), 4 deletions(-)
In file included from test.c:5:
exercises.c: In function ‘crearPersona’:
exercises.c:64:10: error: left-hand operand of comma expression has no effect [-Werror=unused-value]
   64 |   h->edad,&edad;
      |          ^
exercises.c:64:10: error: statement with no effect [-Werror=unused-value]
exercises.c: In function ‘crearVector’:
exercises.c:82:22: error: too few arguments to function ‘calloc’
   82 |   Vector* s=(Vector*)calloc(n*sizeof(int));
      |                      ^~~~~~
In file included from test.c:2:
/nix/store/iwd8ic5hhwdxn5dga0im55g5hjl270cd-glibc-2.33-47-dev/include/stdlib.h:542:14: note: declared here
  542 | extern void *calloc (size_t __nmemb, size_t __size)
      |              ^~~~~~
In file included from test.c:5:
exercises.c: In function ‘asignarValor’:
exercises.c:92:8: error: incompatible types when assigning to type ‘Vector’ from type ‘int’
   92 |   v[i]=valor;
      |        ^~~~~
cc1: all warnings being treated as errors
Compilation failed
ecf3879
Sat 13 Aug 2022 04:43:32 PM UTC: 
 exercises.c | 2 +-
 1 file changed, 1 insertion(+), 1 deletion(-)
In file included from test.c:5:
exercises.c: In function ‘crearPersona’:
exercises.c:64:10: error: left-hand operand of comma expression has no effect [-Werror=unused-value]
   64 |   h->edad,&edad;
      |          ^
exercises.c:64:10: error: statement with no effect [-Werror=unused-value]
exercises.c: In function ‘crearVector’:
exercises.c:82:22: error: too few arguments to function ‘calloc’
   82 |   Vector* s=(Vector*)calloc(n*sizeof(int));
      |                      ^~~~~~
In file included from test.c:2:
/nix/store/iwd8ic5hhwdxn5dga0im55g5hjl270cd-glibc-2.33-47-dev/include/stdlib.h:542:14: note: declared here
  542 | extern void *calloc (size_t __nmemb, size_t __size)
      |              ^~~~~~
In file included from test.c:5:
exercises.c: In function ‘asignarValor’:
exercises.c:92:8: error: incompatible types when assigning to type ‘Vector’ from type ‘int *’
   92 |   v[i]=&valor;
      |        ^
cc1: all warnings being treated as errors
Compilation failed
4beb5df
Sat 13 Aug 2022 04:52:02 PM UTC: 
 exercises.c | 3 ++-
 1 file changed, 2 insertions(+), 1 deletion(-)
In file included from test.c:5:
exercises.c: In function ‘crearPersona’:
exercises.c:64:10: error: left-hand operand of comma expression has no effect [-Werror=unused-value]
   64 |   h->edad,&edad;
      |          ^
exercises.c:64:10: error: statement with no effect [-Werror=unused-value]
exercises.c: In function ‘crearVector’:
exercises.c:82:22: error: too few arguments to function ‘calloc’
   82 |   Vector* s=(Vector*)calloc(n*sizeof(int));
      |                      ^~~~~~
In file included from test.c:2:
/nix/store/iwd8ic5hhwdxn5dga0im55g5hjl270cd-glibc-2.33-47-dev/include/stdlib.h:542:14: note: declared here
  542 | extern void *calloc (size_t __nmemb, size_t __size)
      |              ^~~~~~
In file included from test.c:5:
exercises.c: In function ‘asignarValor’:
exercises.c:92:8: error: incompatible types when assigning to type ‘Vector’ from type ‘int *’
   92 |   v[i]=&valor;
      |        ^
exercises.c: In function ‘obtenerValor’:
exercises.c:101:3: error: ‘valor’ undeclared (first use in this function); did you mean ‘valloc’?
  101 |   valor=&v[i];
      |   ^~~~~
      |   valloc
exercises.c:101:3: note: each undeclared identifier is reported only once for each function it appears in
exercises.c:103:1: error: control reaches end of non-void function [-Werror=return-type]
  103 | }
      | ^
cc1: all warnings being treated as errors
Compilation failed
9d51b77
Sat 13 Aug 2022 05:10:07 PM UTC: 
 exercises.c | 2 +-
 1 file changed, 1 insertion(+), 1 deletion(-)
In file included from test.c:5:
exercises.c: In function ‘crearPersona’:
exercises.c:64:10: error: left-hand operand of comma expression has no effect [-Werror=unused-value]
   64 |   h->edad,&edad;
      |          ^
exercises.c:64:10: error: statement with no effect [-Werror=unused-value]
exercises.c: In function ‘crearVector’:
exercises.c:82:22: error: too few arguments to function ‘calloc’
   82 |   Vector* s=(Vector*)calloc(n*sizeof(int));
      |                      ^~~~~~
In file included from test.c:2:
/nix/store/iwd8ic5hhwdxn5dga0im55g5hjl270cd-glibc-2.33-47-dev/include/stdlib.h:542:14: note: declared here
  542 | extern void *calloc (size_t __nmemb, size_t __size)
      |              ^~~~~~
In file included from test.c:5:
exercises.c: In function ‘asignarValor’:
exercises.c:92:8: error: incompatible types when assigning to type ‘Vector’ from type ‘int *’
   92 |   v[i]=&valor;
      |        ^
exercises.c: In function ‘obtenerValor’:
exercises.c:101:3: error: ‘valor’ undeclared (first use in this function); did you mean ‘valloc’?
  101 |   valor=&v[i];
      |   ^~~~~
      |   valloc
exercises.c:101:3: note: each undeclared identifier is reported only once for each function it appears in
exercises.c: In function ‘sumaV’:
exercises.c:111:9: error: invalid operands to binary + (have ‘Vector **’ and ‘Vector **’)
  111 |   *c=(&a+&b);
      |       ~~^~~
      |       |  |
      |       |  Vector **
      |       Vector **
exercises.c: In function ‘obtenerValor’:
exercises.c:103:1: error: control reaches end of non-void function [-Werror=return-type]
  103 | }
      | ^
cc1: all warnings being treated as errors
Compilation failed
5d87971
Sat 13 Aug 2022 05:16:45 PM UTC: 
 exercises.c | 4 +++-
 1 file changed, 3 insertions(+), 1 deletion(-)
In file included from test.c:5:
exercises.c: In function ‘crearPersona’:
exercises.c:64:10: error: left-hand operand of comma expression has no effect [-Werror=unused-value]
   64 |   h->edad,&edad;
      |          ^
exercises.c:64:10: error: statement with no effect [-Werror=unused-value]
exercises.c: In function ‘crearVector’:
exercises.c:82:22: error: too few arguments to function ‘calloc’
   82 |   Vector* s=(Vector*)calloc(n*sizeof(int));
      |                      ^~~~~~
In file included from test.c:2:
/nix/store/iwd8ic5hhwdxn5dga0im55g5hjl270cd-glibc-2.33-47-dev/include/stdlib.h:542:14: note: declared here
  542 | extern void *calloc (size_t __nmemb, size_t __size)
      |              ^~~~~~
In file included from test.c:5:
exercises.c: In function ‘asignarValor’:
exercises.c:92:8: error: incompatible types when assigning to type ‘Vector’ from type ‘int *’
   92 |   v[i]=&valor;
      |        ^
exercises.c: In function ‘obtenerValor’:
exercises.c:101:3: error: ‘valor’ undeclared (first use in this function); did you mean ‘valloc’?
  101 |   valor=&v[i];
      |   ^~~~~
      |   valloc
exercises.c:101:3: note: each undeclared identifier is reported only once for each function it appears in
exercises.c: In function ‘sumaV’:
exercises.c:112:14: error: invalid operands to binary + (have ‘Vector’ and ‘Vector’)
  112 |     c[i]=a[i]+b[i];
      |          ~~~~^~~~~
      |           |    |
      |           |    Vector
      |           Vector
exercises.c: In function ‘obtenerValor’:
exercises.c:103:1: error: control reaches end of non-void function [-Werror=return-type]
  103 | }
      | ^
cc1: all warnings being treated as errors
Compilation failed
a7351c5
Sat 13 Aug 2022 05:17:01 PM UTC: 
 exercises.c | 2 +-
 1 file changed, 1 insertion(+), 1 deletion(-)
In file included from test.c:5:
exercises.c: In function ‘crearPersona’:
exercises.c:64:10: error: left-hand operand of comma expression has no effect [-Werror=unused-value]
   64 |   h->edad,&edad;
      |          ^
exercises.c:64:10: error: statement with no effect [-Werror=unused-value]
exercises.c: In function ‘crearVector’:
exercises.c:82:22: error: too few arguments to function ‘calloc’
   82 |   Vector* s=(Vector*)calloc(n*sizeof(int));
      |                      ^~~~~~
In file included from test.c:2:
/nix/store/iwd8ic5hhwdxn5dga0im55g5hjl270cd-glibc-2.33-47-dev/include/stdlib.h:542:14: note: declared here
  542 | extern void *calloc (size_t __nmemb, size_t __size)
      |              ^~~~~~
In file included from test.c:5:
exercises.c: In function ‘asignarValor’:
exercises.c:92:8: error: incompatible types when assigning to type ‘Vector’ from type ‘int *’
   92 |   v[i]=&valor;
      |        ^
exercises.c: In function ‘obtenerValor’:
exercises.c:101:3: error: ‘valor’ undeclared (first use in this function); did you mean ‘valloc’?
  101 |   valor=&v[i];
      |   ^~~~~
      |   valloc
exercises.c:101:3: note: each undeclared identifier is reported only once for each function it appears in
exercises.c: In function ‘sumaV’:
exercises.c:112:15: error: invalid operands to binary + (have ‘Vector *’ and ‘Vector *’)
  112 |     c[i]=&a[i]+&b[i];
      |          ~~~~~^~~~~~
      |          |     |
      |          |     Vector *
      |          Vector *
exercises.c: In function ‘obtenerValor’:
exercises.c:103:1: error: control reaches end of non-void function [-Werror=return-type]
  103 | }
      | ^
cc1: all warnings being treated as errors
Compilation failed
a7351c5
Sat 13 Aug 2022 06:25:28 PM UTC: 
 exercises.c | 5 +++--
 1 file changed, 3 insertions(+), 2 deletions(-)
In file included from test.c:5:
exercises.c: In function ‘crearVector’:
exercises.c:83:22: error: too few arguments to function ‘calloc’
   83 |   Vector* s=(Vector*)calloc(n*sizeof(int));
      |                      ^~~~~~
In file included from test.c:2:
/nix/store/iwd8ic5hhwdxn5dga0im55g5hjl270cd-glibc-2.33-47-dev/include/stdlib.h:542:14: note: declared here
  542 | extern void *calloc (size_t __nmemb, size_t __size)
      |              ^~~~~~
In file included from test.c:5:
exercises.c: In function ‘asignarValor’:
exercises.c:93:8: error: incompatible types when assigning to type ‘Vector’ from type ‘int *’
   93 |   v[i]=&valor;
      |        ^
exercises.c: In function ‘obtenerValor’:
exercises.c:102:3: error: ‘valor’ undeclared (first use in this function); did you mean ‘valloc’?
  102 |   valor=&v[i];
      |   ^~~~~
      |   valloc
exercises.c:102:3: note: each undeclared identifier is reported only once for each function it appears in
exercises.c: In function ‘sumaV’:
exercises.c:113:15: error: invalid operands to binary + (have ‘Vector *’ and ‘Vector *’)
  113 |     c[i]=&a[i]+&b[i];
      |          ~~~~~^~~~~~
      |          |     |
      |          |     Vector *
      |          Vector *
exercises.c: In function ‘obtenerValor’:
exercises.c:104:1: error: control reaches end of non-void function [-Werror=return-type]
  104 | }
      | ^
cc1: all warnings being treated as errors
Compilation failed
f8c725f
Sat 13 Aug 2022 06:28:05 PM UTC: 
 exercises.c | 2 +-
 1 file changed, 1 insertion(+), 1 deletion(-)
In file included from test.c:5:
exercises.c: In function ‘crearVector’:
exercises.c:83:22: error: too few arguments to function ‘calloc’
   83 |   Vector* s=(Vector*)calloc(n*sizeof(int));
      |                      ^~~~~~
In file included from test.c:2:
/nix/store/iwd8ic5hhwdxn5dga0im55g5hjl270cd-glibc-2.33-47-dev/include/stdlib.h:542:14: note: declared here
  542 | extern void *calloc (size_t __nmemb, size_t __size)
      |              ^~~~~~
In file included from test.c:5:
exercises.c: In function ‘asignarValor’:
exercises.c:93:8: error: incompatible types when assigning to type ‘Vector’ from type ‘int *’
   93 |   v[i]=&valor;
      |        ^
exercises.c: In function ‘obtenerValor’:
exercises.c:102:3: error: ‘valor’ undeclared (first use in this function); did you mean ‘valloc’?
  102 |   valor=&v[i];
      |   ^~~~~
      |   valloc
exercises.c:102:3: note: each undeclared identifier is reported only once for each function it appears in
exercises.c: In function ‘sumaV’:
exercises.c:113:15: error: invalid operands to binary + (have ‘Vector *’ and ‘Vector *’)
  113 |     c[i]=&a[i]+&b[i];
      |          ~~~~~^~~~~~
      |          |     |
      |          |     Vector *
      |          Vector *
exercises.c: In function ‘obtenerValor’:
exercises.c:104:1: error: control reaches end of non-void function [-Werror=return-type]
  104 | }
      | ^
cc1: all warnings being treated as errors
Compilation failed
94413b9
Sat 13 Aug 2022 06:31:13 PM UTC: 
 exercises.c | 10 +++++-----
 1 file changed, 5 insertions(+), 5 deletions(-)
In file included from test.c:5:
exercises.c: In function ‘crearVector’:
exercises.c:83:22: error: too few arguments to function ‘calloc’
   83 |   Vector* s=(Vector*)calloc(n*sizeof(int));
      |                      ^~~~~~
In file included from test.c:2:
/nix/store/iwd8ic5hhwdxn5dga0im55g5hjl270cd-glibc-2.33-47-dev/include/stdlib.h:542:14: note: declared here
  542 | extern void *calloc (size_t __nmemb, size_t __size)
      |              ^~~~~~
In file included from test.c:5:
exercises.c: In function ‘asignarValor’:
exercises.c:93:8: error: incompatible types when assigning to type ‘Vector’ from type ‘int *’
   93 |   v[i]=&valor;
      |        ^
exercises.c: In function ‘obtenerValor’:
exercises.c:102:3: error: ‘valor’ undeclared (first use in this function); did you mean ‘valloc’?
  102 |   valor=&v[i];
      |   ^~~~~
      |   valloc
exercises.c:102:3: note: each undeclared identifier is reported only once for each function it appears in
exercises.c: In function ‘sumaV’:
exercises.c:113:15: error: invalid operands to binary + (have ‘Vector *’ and ‘Vector *’)
  113 |     c[i]=&a[i]+&b[i];
      |          ~~~~~^~~~~~
      |          |     |
      |          |     Vector *
      |          Vector *
exercises.c: In function ‘obtenerValor’:
exercises.c:104:1: error: control reaches end of non-void function [-Werror=return-type]
  104 | }
      | ^
cc1: all warnings being treated as errors
Compilation failed
f9dbec9
Sat 13 Aug 2022 06:32:26 PM UTC: 
 exercises.c | 10 +++++-----
 1 file changed, 5 insertions(+), 5 deletions(-)
In file included from test.c:5:
exercises.c: In function ‘crearVector’:
exercises.c:83:22: error: too few arguments to function ‘calloc’
   83 |   Vector* s=(Vector*)calloc(n*sizeof(int));
      |                      ^~~~~~
In file included from test.c:2:
/nix/store/iwd8ic5hhwdxn5dga0im55g5hjl270cd-glibc-2.33-47-dev/include/stdlib.h:542:14: note: declared here
  542 | extern void *calloc (size_t __nmemb, size_t __size)
      |              ^~~~~~
In file included from test.c:5:
exercises.c: In function ‘asignarValor’:
exercises.c:93:8: error: incompatible types when assigning to type ‘Vector’ from type ‘int *’
   93 |   v[i]=&valor;
      |        ^
exercises.c: In function ‘obtenerValor’:
exercises.c:102:3: error: ‘valor’ undeclared (first use in this function); did you mean ‘valloc’?
  102 |   valor=&v[i];
      |   ^~~~~
      |   valloc
exercises.c:102:3: note: each undeclared identifier is reported only once for each function it appears in
exercises.c: In function ‘sumaV’:
exercises.c:113:15: error: invalid operands to binary + (have ‘Vector *’ and ‘Vector *’)
  113 |     c[i]=&a[i]+&b[i];
      |          ~~~~~^~~~~~
      |          |     |
      |          |     Vector *
      |          Vector *
exercises.c: In function ‘obtenerValor’:
exercises.c:104:1: error: control reaches end of non-void function [-Werror=return-type]
  104 | }
      | ^
cc1: all warnings being treated as errors
Compilation failed
7842b2d
Sat 13 Aug 2022 06:33:56 PM UTC: 
 exercises.c | 10 +++++-----
 1 file changed, 5 insertions(+), 5 deletions(-)
In file included from test.c:5:
exercises.c: In function ‘crearVector’:
exercises.c:83:22: error: too few arguments to function ‘calloc’
   83 |   Vector* s=(Vector*)calloc(n*sizeof(int));
      |                      ^~~~~~
In file included from test.c:2:
/nix/store/iwd8ic5hhwdxn5dga0im55g5hjl270cd-glibc-2.33-47-dev/include/stdlib.h:542:14: note: declared here
  542 | extern void *calloc (size_t __nmemb, size_t __size)
      |              ^~~~~~
In file included from test.c:5:
exercises.c: In function ‘asignarValor’:
exercises.c:93:8: error: incompatible types when assigning to type ‘Vector’ from type ‘int *’
   93 |   v[i]=&valor;
      |        ^
exercises.c: In function ‘obtenerValor’:
exercises.c:102:3: error: ‘valor’ undeclared (first use in this function); did you mean ‘valloc’?
  102 |   valor=&v[i];
      |   ^~~~~
      |   valloc
exercises.c:102:3: note: each undeclared identifier is reported only once for each function it appears in
exercises.c: In function ‘sumaV’:
exercises.c:113:15: error: invalid operands to binary + (have ‘Vector *’ and ‘Vector *’)
  113 |     c[i]=&a[i]+&b[i];
      |          ~~~~~^~~~~~
      |          |     |
      |          |     Vector *
      |          Vector *
exercises.c: In function ‘obtenerValor’:
exercises.c:104:1: error: control reaches end of non-void function [-Werror=return-type]
  104 | }
      | ^
cc1: all warnings being treated as errors
Compilation failed
624ce71
Sat 13 Aug 2022 06:37:46 PM UTC: 
 exercises.c | 4 +++-
 1 file changed, 3 insertions(+), 1 deletion(-)
In file included from test.c:5:
exercises.c: In function ‘crearVector’:
exercises.c:84:21: error: too few arguments to function ‘calloc’
   84 |   s->datos=(Vector*)calloc(n*sizeof(Vector))
      |                     ^~~~~~
In file included from test.c:2:
/nix/store/iwd8ic5hhwdxn5dga0im55g5hjl270cd-glibc-2.33-47-dev/include/stdlib.h:542:14: note: declared here
  542 | extern void *calloc (size_t __nmemb, size_t __size)
      |              ^~~~~~
In file included from test.c:5:
exercises.c:84:45: error: expected ‘;’ before ‘s’
   84 |   s->datos=(Vector*)calloc(n*sizeof(Vector))
      |                                             ^
      |                                             ;
   85 |   s->capacidad=n;
      |   ~                                          
exercises.c: In function ‘asignarValor’:
exercises.c:95:8: error: incompatible types when assigning to type ‘Vector’ from type ‘int *’
   95 |   v[i]=&valor;
      |        ^
exercises.c: In function ‘obtenerValor’:
exercises.c:104:3: error: ‘valor’ undeclared (first use in this function); did you mean ‘valloc’?
  104 |   valor=&v[i];
      |   ^~~~~
      |   valloc
exercises.c:104:3: note: each undeclared identifier is reported only once for each function it appears in
exercises.c: In function ‘sumaV’:
exercises.c:115:15: error: invalid operands to binary + (have ‘Vector *’ and ‘Vector *’)
  115 |     c[i]=&a[i]+&b[i];
      |          ~~~~~^~~~~~
      |          |     |
      |          |     Vector *
      |          Vector *
exercises.c: In function ‘obtenerValor’:
exercises.c:106:1: error: control reaches end of non-void function [-Werror=return-type]
  106 | }
      | ^
cc1: all warnings being treated as errors
Compilation failed
6d78457
Sat 13 Aug 2022 06:40:01 PM UTC: 
 exercises.c | 2 +-
 1 file changed, 1 insertion(+), 1 deletion(-)
In file included from test.c:5:
exercises.c: In function ‘crearVector’:
exercises.c:84:11: error: assignment to ‘int *’ from incompatible pointer type ‘Vector *’ [-Werror=incompatible-pointer-types]
   84 |   s->datos=(Vector*)calloc(n,sizeof(int))
      |           ^
exercises.c:84:42: error: expected ‘;’ before ‘s’
   84 |   s->datos=(Vector*)calloc(n,sizeof(int))
      |                                          ^
      |                                          ;
   85 |   s->capacidad=n;
      |   ~                                       
exercises.c: In function ‘asignarValor’:
exercises.c:95:8: error: incompatible types when assigning to type ‘Vector’ from type ‘int *’
   95 |   v[i]=&valor;
      |        ^
exercises.c: In function ‘obtenerValor’:
exercises.c:104:3: error: ‘valor’ undeclared (first use in this function); did you mean ‘valloc’?
  104 |   valor=&v[i];
      |   ^~~~~
      |   valloc
exercises.c:104:3: note: each undeclared identifier is reported only once for each function it appears in
exercises.c: In function ‘sumaV’:
exercises.c:115:15: error: invalid operands to binary + (have ‘Vector *’ and ‘Vector *’)
  115 |     c[i]=&a[i]+&b[i];
      |          ~~~~~^~~~~~
      |          |     |
      |          |     Vector *
      |          Vector *
exercises.c: In function ‘obtenerValor’:
exercises.c:106:1: error: control reaches end of non-void function [-Werror=return-type]
  106 | }
      | ^
cc1: all warnings being treated as errors
Compilation failed
dc0b5a1
Sat 13 Aug 2022 06:42:06 PM UTC: 
 exercises.c | 2 +-
 1 file changed, 1 insertion(+), 1 deletion(-)
In file included from test.c:5:
exercises.c: In function ‘crearVector’:
exercises.c:83:10: error: initialization of ‘int *’ from incompatible pointer type ‘Vector *’ [-Werror=incompatible-pointer-types]
   83 |   int* s=(Vector*)malloc(sizeof(Vector));
      |          ^
exercises.c:84:4: error: request for member ‘datos’ in something not a structure or union
   84 |   s->datos=(Vector*)calloc(n,sizeof(int))
      |    ^~
exercises.c:84:42: error: expected ‘;’ before ‘s’
   84 |   s->datos=(Vector*)calloc(n,sizeof(int))
      |                                          ^
      |                                          ;
   85 |   s->capacidad=n;
      |   ~                                       
exercises.c:86:10: error: returning ‘int *’ from a function with incompatible return type ‘Vector *’ [-Werror=incompatible-pointer-types]
   86 |   return s;
      |          ^
exercises.c: In function ‘asignarValor’:
exercises.c:95:8: error: incompatible types when assigning to type ‘Vector’ from type ‘int *’
   95 |   v[i]=&valor;
      |        ^
exercises.c: In function ‘obtenerValor’:
exercises.c:104:3: error: ‘valor’ undeclared (first use in this function); did you mean ‘valloc’?
  104 |   valor=&v[i];
      |   ^~~~~
      |   valloc
exercises.c:104:3: note: each undeclared identifier is reported only once for each function it appears in
exercises.c: In function ‘sumaV’:
exercises.c:115:15: error: invalid operands to binary + (have ‘Vector *’ and ‘Vector *’)
  115 |     c[i]=&a[i]+&b[i];
      |          ~~~~~^~~~~~
      |          |     |
      |          |     Vector *
      |          Vector *
exercises.c: In function ‘obtenerValor’:
exercises.c:106:1: error: control reaches end of non-void function [-Werror=return-type]
  106 | }
      | ^
cc1: all warnings being treated as errors
Compilation failed
c934448
Sat 13 Aug 2022 06:42:29 PM UTC: 
 exercises.c | 4 ++--
 1 file changed, 2 insertions(+), 2 deletions(-)
In file included from test.c:5:
exercises.c: In function ‘crearVector’:
exercises.c:84:39: error: expected ‘;’ before ‘s’
   84 |   s->datos=(int*)calloc(n,sizeof(int))
      |                                       ^
      |                                       ;
   85 |   s->capacidad=n;
      |   ~                                    
exercises.c: In function ‘asignarValor’:
exercises.c:95:8: error: incompatible types when assigning to type ‘Vector’ from type ‘int *’
   95 |   v[i]=&valor;
      |        ^
exercises.c: In function ‘obtenerValor’:
exercises.c:104:3: error: ‘valor’ undeclared (first use in this function); did you mean ‘valloc’?
  104 |   valor=&v[i];
      |   ^~~~~
      |   valloc
exercises.c:104:3: note: each undeclared identifier is reported only once for each function it appears in
exercises.c: In function ‘sumaV’:
exercises.c:115:15: error: invalid operands to binary + (have ‘Vector *’ and ‘Vector *’)
  115 |     c[i]=&a[i]+&b[i];
      |          ~~~~~^~~~~~
      |          |     |
      |          |     Vector *
      |          Vector *
exercises.c: In function ‘obtenerValor’:
exercises.c:106:1: error: control reaches end of non-void function [-Werror=return-type]
  106 | }
      | ^
cc1: all warnings being treated as errors
Compilation failed
a7f5d6d
Sat 13 Aug 2022 06:47:09 PM UTC: 
 exercises.c | 4 ++--
 1 file changed, 2 insertions(+), 2 deletions(-)
In file included from test.c:5:
exercises.c: In function ‘crearVector’:
exercises.c:84:39: error: expected ‘;’ before ‘s’
   84 |   s->datos=(int*)calloc(n,sizeof(int))
      |                                       ^
      |                                       ;
   85 |   s->capacidad=n;
      |   ~                                    
exercises.c: In function ‘asignarValor’:
exercises.c:95:3: error: invalid type argument of unary ‘*’ (have ‘Vector’)
   95 |   *v[i]=valor;
      |   ^~~~~
exercises.c: In function ‘obtenerValor’:
exercises.c:104:3: error: ‘valor’ undeclared (first use in this function); did you mean ‘valloc’?
  104 |   valor=*v[i];
      |   ^~~~~
      |   valloc
exercises.c:104:3: note: each undeclared identifier is reported only once for each function it appears in
exercises.c:104:9: error: invalid type argument of unary ‘*’ (have ‘Vector’)
  104 |   valor=*v[i];
      |         ^~~~~
exercises.c: In function ‘sumaV’:
exercises.c:115:15: error: invalid operands to binary + (have ‘Vector *’ and ‘Vector *’)
  115 |     c[i]=&a[i]+&b[i];
      |          ~~~~~^~~~~~
      |          |     |
      |          |     Vector *
      |          Vector *
exercises.c: In function ‘obtenerValor’:
exercises.c:106:1: error: control reaches end of non-void function [-Werror=return-type]
  106 | }
      | ^
cc1: all warnings being treated as errors
Compilation failed
76cc18f
Sat 13 Aug 2022 06:47:41 PM UTC: 
 exercises.c | 2 +-
 1 file changed, 1 insertion(+), 1 deletion(-)
In file included from test.c:5:
exercises.c: In function ‘asignarValor’:
exercises.c:95:3: error: invalid type argument of unary ‘*’ (have ‘Vector’)
   95 |   *v[i]=valor;
      |   ^~~~~
exercises.c: In function ‘obtenerValor’:
exercises.c:104:3: error: ‘valor’ undeclared (first use in this function); did you mean ‘valloc’?
  104 |   valor=*v[i];
      |   ^~~~~
      |   valloc
exercises.c:104:3: note: each undeclared identifier is reported only once for each function it appears in
exercises.c:104:9: error: invalid type argument of unary ‘*’ (have ‘Vector’)
  104 |   valor=*v[i];
      |         ^~~~~
exercises.c: In function ‘sumaV’:
exercises.c:115:15: error: invalid operands to binary + (have ‘Vector *’ and ‘Vector *’)
  115 |     c[i]=&a[i]+&b[i];
      |          ~~~~~^~~~~~
      |          |     |
      |          |     Vector *
      |          Vector *
exercises.c: In function ‘obtenerValor’:
exercises.c:106:1: error: control reaches end of non-void function [-Werror=return-type]
  106 | }
      | ^
cc1: all warnings being treated as errors
Compilation failed
389e1c9
Sat 13 Aug 2022 06:52:22 PM UTC: 
 exercises.c | 2 +-
 1 file changed, 1 insertion(+), 1 deletion(-)
In file included from test.c:5:
exercises.c: In function ‘asignarValor’:
exercises.c:95:3: error: invalid type argument of unary ‘*’ (have ‘Vector’)
   95 |   *v[i]=valor;
      |   ^~~~~
exercises.c: In function ‘obtenerValor’:
exercises.c:104:3: error: ‘valor’ undeclared (first use in this function); did you mean ‘valloc’?
  104 |   valor=*v[i];
      |   ^~~~~
      |   valloc
exercises.c:104:3: note: each undeclared identifier is reported only once for each function it appears in
exercises.c:104:9: error: invalid type argument of unary ‘*’ (have ‘Vector’)
  104 |   valor=*v[i];
      |         ^~~~~
exercises.c: In function ‘sumaV’:
exercises.c:115:9: error: invalid operands to binary + (have ‘Vector *’ and ‘Vector *’)
  115 |     *c=a+b;
      |         ^
exercises.c: In function ‘obtenerValor’:
exercises.c:106:1: error: control reaches end of non-void function [-Werror=return-type]
  106 | }
      | ^
cc1: all warnings being treated as errors
Compilation failed
f10814f
Sat 13 Aug 2022 06:55:41 PM UTC: 
 exercises.c | 2 +-
 1 file changed, 1 insertion(+), 1 deletion(-)
In file included from test.c:5:
exercises.c: In function ‘asignarValor’:
exercises.c:95:3: error: invalid type argument of unary ‘*’ (have ‘Vector’)
   95 |   *v[i]=valor;
      |   ^~~~~
exercises.c: In function ‘obtenerValor’:
exercises.c:104:3: error: ‘valor’ undeclared (first use in this function); did you mean ‘valloc’?
  104 |   valor=*v[i];
      |   ^~~~~
      |   valloc
exercises.c:104:3: note: each undeclared identifier is reported only once for each function it appears in
exercises.c:104:9: error: invalid type argument of unary ‘*’ (have ‘Vector’)
  104 |   valor=*v[i];
      |         ^~~~~
exercises.c: In function ‘sumaV’:
exercises.c:115:9: error: invalid operands to binary + (have ‘Vector *’ and ‘Vector *’)
  115 |     *c=a+b;
      |         ^
exercises.c: In function ‘obtenerValor’:
exercises.c:106:1: error: control reaches end of non-void function [-Werror=return-type]
  106 | }
      | ^
cc1: all warnings being treated as errors
Compilation failed
22ec660
Sat 13 Aug 2022 06:55:58 PM UTC: 
 exercises.c | 2 +-
 1 file changed, 1 insertion(+), 1 deletion(-)
In file included from test.c:5:
exercises.c: In function ‘asignarValor’:
exercises.c:95:3: error: invalid type argument of unary ‘*’ (have ‘Vector’)
   95 |   *v[i]=valor;
      |   ^~~~~
exercises.c: In function ‘obtenerValor’:
exercises.c:104:3: error: ‘valor’ undeclared (first use in this function); did you mean ‘valloc’?
  104 |   valor=*v[i];
      |   ^~~~~
      |   valloc
exercises.c:104:3: note: each undeclared identifier is reported only once for each function it appears in
exercises.c:104:9: error: invalid type argument of unary ‘*’ (have ‘Vector’)
  104 |   valor=*v[i];
      |         ^~~~~
exercises.c: In function ‘sumaV’:
exercises.c:115:9: error: invalid operands to binary + (have ‘Vector *’ and ‘Vector *’)
  115 |     *c=a+b;
      |         ^
exercises.c: In function ‘obtenerValor’:
exercises.c:106:1: error: control reaches end of non-void function [-Werror=return-type]
  106 | }
      | ^
cc1: all warnings being treated as errors
Compilation failed
04850df
